2024-12-24 16:53:36 INFO  TC002_Account002Test:33 - ****** Startign setup()*****
2024-12-24 16:53:36 INFO  TC002_Account002Test:37 - ****** Ending setup()*****
2024-12-24 16:53:36 INFO  TC002_Account002Test:12 - ****** Startign getTC002_Account002Test()*****
2024-12-24 16:53:36 INFO  TC002_Account002Test:14 - ****** Startign getTC002_Account002Test()*****
2024-12-24 16:53:36 INFO  TC002_Account002Test:43 - ****** Startign tearDown()*****
2024-12-24 16:53:36 INFO  TC002_Account002Test:45 - ****** Startign tearDown()*****
2024-12-24 16:53:36 INFO  TC003_Account003Test:33 - ****** Startign setup()*****
2024-12-24 16:53:36 INFO  TC003_Account003Test:37 - ****** Ending setup()*****
2024-12-24 16:53:36 INFO  TC003_Account003Test:12 - ****** Startign getTC003_Account003Test()*****
2024-12-24 16:53:36 INFO  TC003_Account003Test:14 - ****** Startign getTC003_Account003Test()*****
2024-12-24 16:53:36 INFO  TC003_Account003Test:43 - ****** Startign tearDown()*****
2024-12-24 16:53:36 INFO  TC003_Account003Test:45 - ****** Startign tearDown()*****
2024-12-24 16:53:36 INFO  TC001_Account001Test:33 - ****** Startign setup()*****
2024-12-24 16:53:36 INFO  TC001_Account001Test:37 - ****** Ending setup()*****
2024-12-24 16:53:36 INFO  TC001_Account001Test:12 - ****** Startign getTC001_Account001Test()*****
2024-12-24 16:53:36 INFO  TC001_Account001Test:14 - ****** Startign getTC001_Account001Test()*****
2024-12-24 16:53:36 INFO  TC001_Account001Test:43 - ****** Startign tearDown()*****
2024-12-24 16:53:36 INFO  TC001_Account001Test:45 - ****** Startign tearDown()*****
2024-12-24 16:54:10 INFO  TC002_Account002Test:33 - ****** Startign setup()*****
2024-12-24 16:54:10 INFO  TC002_Account002Test:37 - ****** Ending setup()*****
2024-12-24 16:54:10 INFO  TC002_Account002Test:12 - ****** Startign getTC002_Account002Test()*****
2024-12-24 16:54:10 INFO  TC002_Account002Test:14 - ****** Startign getTC002_Account002Test()*****
2024-12-24 16:54:10 INFO  TC002_Account002Test:43 - ****** Startign tearDown()*****
2024-12-24 16:54:10 INFO  TC002_Account002Test:45 - ****** Startign tearDown()*****
2024-12-24 16:54:10 INFO  TC003_Account003Test:33 - ****** Startign setup()*****
2024-12-24 16:54:10 INFO  TC003_Account003Test:37 - ****** Ending setup()*****
2024-12-24 16:54:10 INFO  TC003_Account003Test:12 - ****** Startign getTC003_Account003Test()*****
2024-12-24 16:54:10 INFO  TC003_Account003Test:14 - ****** Startign getTC003_Account003Test()*****
2024-12-24 16:54:10 INFO  TC003_Account003Test:43 - ****** Startign tearDown()*****
2024-12-24 16:54:10 INFO  TC003_Account003Test:45 - ****** Startign tearDown()*****
2024-12-24 16:54:10 INFO  TC001_Account001Test:33 - ****** Startign setup()*****
2024-12-24 16:54:10 INFO  TC001_Account001Test:37 - ****** Ending setup()*****
2024-12-24 16:54:10 INFO  TC001_Account001Test:12 - ****** Startign getTC001_Account001Test()*****
2024-12-24 16:54:10 INFO  TC001_Account001Test:14 - ****** Startign getTC001_Account001Test()*****
2024-12-24 16:54:10 INFO  TC001_Account001Test:43 - ****** Startign tearDown()*****
2024-12-24 16:54:10 INFO  TC001_Account001Test:45 - ****** Startign tearDown()*****
2024-12-24 16:56:52 INFO  TC002_Account002Test:33 - ****** Startign setup()*****
2024-12-24 16:56:52 INFO  TC002_Account002Test:37 - ****** Ending setup()*****
2024-12-24 16:56:52 INFO  TC002_Account002Test:12 - ****** Startign getTC002_Account002Test()*****
2024-12-24 16:56:52 INFO  TC002_Account002Test:14 - ****** Ending getTC002_Account002Test()*****
2024-12-24 16:56:52 INFO  TC002_Account002Test:43 - ****** Startign tearDown()*****
2024-12-24 16:56:52 INFO  TC002_Account002Test:45 - ****** Ending tearDown()*****
2024-12-24 16:56:52 INFO  TC003_Account003Test:33 - ****** Startign setup()*****
2024-12-24 16:56:52 INFO  TC003_Account003Test:37 - ****** Ending setup()*****
2024-12-24 16:56:52 INFO  TC003_Account003Test:12 - ****** Startign getTC003_Account003Test()*****
2024-12-24 16:56:52 INFO  TC003_Account003Test:14 - ****** Ending getTC003_Account003Test()*****
2024-12-24 16:56:52 INFO  TC003_Account003Test:43 - ****** Startign tearDown()*****
2024-12-24 16:56:52 INFO  TC003_Account003Test:45 - ****** Ending tearDown()*****
2024-12-24 16:56:52 INFO  TC001_Account001Test:33 - ****** Startign setup()*****
2024-12-24 16:56:52 INFO  TC001_Account001Test:37 - ****** Ending setup()*****
2024-12-24 16:56:52 INFO  TC001_Account001Test:12 - ****** Startign getTC001_Account001Test()*****
2024-12-24 16:56:52 INFO  TC001_Account001Test:14 - ****** Ending getTC001_Account001Test()*****
2024-12-24 16:56:52 INFO  TC001_Account001Test:43 - ****** Startign tearDown()*****
2024-12-24 16:56:52 INFO  TC001_Account001Test:45 - ****** Ending tearDown()*****
2024-12-24 17:01:34 INFO  TC002_Account002Test:31 - ****** Startign setup()*****
2024-12-24 17:01:34 INFO  TC002_Account002Test:35 - ****** Ending setup()*****
2024-12-24 17:01:34 INFO  TC002_Account002Test:12 - ****** Startign getTC002_Account002Test()*****
2024-12-24 17:01:34 INFO  TC002_Account002Test:15 - ****** Ending getTC002_Account002Test()*****
2024-12-24 17:01:34 INFO  TC002_Account002Test:41 - ****** Startign tearDown()*****
2024-12-24 17:01:34 INFO  TC002_Account002Test:43 - ****** Ending tearDown()*****
2024-12-24 17:01:34 INFO  TC003_Account003Test:31 - ****** Startign setup()*****
2024-12-24 17:01:34 INFO  TC003_Account003Test:35 - ****** Ending setup()*****
2024-12-24 17:01:34 INFO  TC003_Account003Test:12 - ****** Startign getTC003_Account003Test()*****
2024-12-24 17:01:34 INFO  TC003_Account003Test:15 - ****** Ending getTC003_Account003Test()*****
2024-12-24 17:01:34 INFO  TC003_Account003Test:41 - ****** Startign tearDown()*****
2024-12-24 17:01:34 INFO  TC003_Account003Test:43 - ****** Ending tearDown()*****
2024-12-24 17:01:34 INFO  TC001_Account001Test:31 - ****** Startign setup()*****
2024-12-24 17:01:34 INFO  TC001_Account001Test:35 - ****** Ending setup()*****
2024-12-24 17:01:34 INFO  TC001_Account001Test:12 - ****** Startign getTC001_Account001Test()*****
2024-12-24 17:01:34 INFO  TC001_Account001Test:15 - ****** Ending getTC001_Account001Test()*****
2024-12-24 17:01:34 INFO  TC001_Account001Test:41 - ****** Startign tearDown()*****
2024-12-24 17:01:34 INFO  TC001_Account001Test:43 - ****** Ending tearDown()*****
2024-12-24 17:02:50 INFO  TC001_Account001Test:31 - ****** Startign setup()*****
2024-12-24 17:02:50 INFO  TC001_Account001Test:35 - ****** Ending setup()*****
2024-12-24 17:02:50 INFO  TC001_Account001Test:12 - ****** Startign getTC001_Account001Test()*****
2024-12-24 17:02:50 INFO  TC001_Account001Test:15 - ****** Ending getTC001_Account001Test()*****
2024-12-24 17:02:50 INFO  TC001_Account001Test:41 - ****** Startign tearDown()*****
2024-12-24 17:02:50 INFO  TC001_Account001Test:43 - ****** Ending tearDown()*****
2024-12-24 17:02:50 INFO  TC002_Account002Test:31 - ****** Startign setup()*****
2024-12-24 17:02:50 INFO  TC002_Account002Test:35 - ****** Ending setup()*****
2024-12-24 17:02:50 INFO  TC002_Account002Test:12 - ****** Startign getTC002_Account002Test()*****
2024-12-24 17:02:50 INFO  TC002_Account002Test:15 - ****** Ending getTC002_Account002Test()*****
2024-12-24 17:02:50 INFO  TC002_Account002Test:41 - ****** Startign tearDown()*****
2024-12-24 17:02:50 INFO  TC002_Account002Test:43 - ****** Ending tearDown()*****
2024-12-24 17:02:50 INFO  TC003_Account003Test:31 - ****** Startign setup()*****
2024-12-24 17:02:50 INFO  TC003_Account003Test:35 - ****** Ending setup()*****
2024-12-24 17:02:50 INFO  TC003_Account003Test:12 - ****** Startign getTC003_Account003Test()*****
2024-12-24 17:02:50 INFO  TC003_Account003Test:15 - ****** Ending getTC003_Account003Test()*****
2024-12-24 17:02:50 INFO  TC003_Account003Test:41 - ****** Startign tearDown()*****
2024-12-24 17:02:50 INFO  TC003_Account003Test:43 - ****** Ending tearDown()*****
